Analysis & Synthesis report for top_2
Thu Mar  6 08:18:44 2025
Quartus Prime Version 23.1std.1 Build 993 05/14/2024 SC Lite Edition


---------------------
; Table of Contents ;
---------------------
  1. Legal Notice
  2. Analysis & Synthesis Summary
  3. Analysis & Synthesis Settings
  4. Parallel Compilation
  5. Analysis & Synthesis Source Files Read
  6. Analysis & Synthesis Resource Usage Summary
  7. Analysis & Synthesis Resource Utilization by Entity
  8. State Machine - |top_2|current_state
  9. State Machine - |top_2|uart_tx_8n1:uart_tx|state
 10. Registers Removed During Synthesis
 11. Removed Registers Triggering Further Register Optimizations
 12. General Register Statistics
 13. Inverted Register Statistics
 14. Multiplexer Restructuring Statistics (Restructuring Performed)
 15. Parameter Settings for User Entity Instance: Top-level Entity: |top_2
 16. Parameter Settings for User Entity Instance: uart_tx_8n1:uart_tx
 17. Post-Synthesis Netlist Statistics for Top Partition
 18. Elapsed Time Per Partition
 19. Analysis & Synthesis Messages
 20. Analysis & Synthesis Suppressed Messages



----------------
; Legal Notice ;
----------------
Copyright (C) 2024  Intel Corporation. All rights reserved.
Your use of Intel Corporation's design tools, logic functions 
and other software and tools, and any partner logic 
functions, and any output files from any of the foregoing 
(including device programming or simulation files), and any 
associated documentation or information are expressly subject 
to the terms and conditions of the Intel Program License 
Subscription Agreement, the Intel Quartus Prime License Agreement,
the Intel FPGA IP License Agreement, or other applicable license
agreement, including, without limitation, that your use is for
the sole purpose of programming logic devices manufactured by
Intel and sold by Intel or its authorized distributors.  Please
refer to the applicable agreement for further details, at
https://fpgasoftware.intel.com/eula.



+-------------------------------------------------------------------------------------+
; Analysis & Synthesis Summary                                                        ;
+------------------------------------+------------------------------------------------+
; Analysis & Synthesis Status        ; Successful - Thu Mar  6 08:18:44 2025          ;
; Quartus Prime Version              ; 23.1std.1 Build 993 05/14/2024 SC Lite Edition ;
; Revision Name                      ; top_2                                          ;
; Top-level Entity Name              ; top_2                                          ;
; Family                             ; Cyclone IV E                                   ;
; Total logic elements               ; 91                                             ;
;     Total combinational functions  ; 86                                             ;
;     Dedicated logic registers      ; 64                                             ;
; Total registers                    ; 64                                             ;
; Total pins                         ; 14                                             ;
; Total virtual pins                 ; 0                                              ;
; Total memory bits                  ; 0                                              ;
; Embedded Multiplier 9-bit elements ; 0                                              ;
; Total PLLs                         ; 0                                              ;
+------------------------------------+------------------------------------------------+


+------------------------------------------------------------------------------------------------------------+
; Analysis & Synthesis Settings                                                                              ;
+------------------------------------------------------------------+--------------------+--------------------+
; Option                                                           ; Setting            ; Default Value      ;
+------------------------------------------------------------------+--------------------+--------------------+
; Device                                                           ; EP4CE22E22C6       ;                    ;
; Top-level entity name                                            ; top_2              ; top_2              ;
; Family name                                                      ; Cyclone IV E       ; Cyclone V          ;
; Use smart compilation                                            ; Off                ; Off                ;
; Enable parallel Assembler and Timing Analyzer during compilation ; On                 ; On                 ;
; Enable compact report table                                      ; Off                ; Off                ;
; Restructure Multiplexers                                         ; Auto               ; Auto               ;
; Create Debugging Nodes for IP Cores                              ; Off                ; Off                ;
; Preserve fewer node names                                        ; On                 ; On                 ;
; Intel FPGA IP Evaluation Mode                                    ; Enable             ; Enable             ;
; Verilog Version                                                  ; Verilog_2001       ; Verilog_2001       ;
; VHDL Version                                                     ; VHDL_1993          ; VHDL_1993          ;
; State Machine Processing                                         ; Auto               ; Auto               ;
; Safe State Machine                                               ; Off                ; Off                ;
; Extract Verilog State Machines                                   ; On                 ; On                 ;
; Extract VHDL State Machines                                      ; On                 ; On                 ;
; Ignore Verilog initial constructs                                ; Off                ; Off                ;
; Iteration limit for constant Verilog loops                       ; 5000               ; 5000               ;
; Iteration limit for non-constant Verilog loops                   ; 250                ; 250                ;
; Add Pass-Through Logic to Inferred RAMs                          ; On                 ; On                 ;
; Infer RAMs from Raw Logic                                        ; On                 ; On                 ;
; Parallel Synthesis                                               ; On                 ; On                 ;
; DSP Block Balancing                                              ; Auto               ; Auto               ;
; NOT Gate Push-Back                                               ; On                 ; On                 ;
; Power-Up Don't Care                                              ; On                 ; On                 ;
; Remove Redundant Logic Cells                                     ; Off                ; Off                ;
; Remove Duplicate Registers                                       ; On                 ; On                 ;
; Ignore CARRY Buffers                                             ; Off                ; Off                ;
; Ignore CASCADE Buffers                                           ; Off                ; Off                ;
; Ignore GLOBAL Buffers                                            ; Off                ; Off                ;
; Ignore ROW GLOBAL Buffers                                        ; Off                ; Off                ;
; Ignore LCELL Buffers                                             ; Off                ; Off                ;
; Ignore SOFT Buffers                                              ; On                 ; On                 ;
; Limit AHDL Integers to 32 Bits                                   ; Off                ; Off                ;
; Optimization Technique                                           ; Balanced           ; Balanced           ;
; Carry Chain Length                                               ; 70                 ; 70                 ;
; Auto Carry Chains                                                ; On                 ; On                 ;
; Auto Open-Drain Pins                                             ; On                 ; On                 ;
; Perform WYSIWYG Primitive Resynthesis                            ; Off                ; Off                ;
; Auto ROM Replacement                                             ; On                 ; On                 ;
; Auto RAM Replacement                                             ; On                 ; On                 ;
; Auto DSP Block Replacement                                       ; On                 ; On                 ;
; Auto Shift Register Replacement                                  ; Auto               ; Auto               ;
; Allow Shift Register Merging across Hierarchies                  ; Auto               ; Auto               ;
; Auto Clock Enable Replacement                                    ; On                 ; On                 ;
; Strict RAM Replacement                                           ; Off                ; Off                ;
; Allow Synchronous Control Signals                                ; On                 ; On                 ;
; Force Use of Synchronous Clear Signals                           ; Off                ; Off                ;
; Auto RAM Block Balancing                                         ; On                 ; On                 ;
; Auto RAM to Logic Cell Conversion                                ; Off                ; Off                ;
; Auto Resource Sharing                                            ; Off                ; Off                ;
; Allow Any RAM Size For Recognition                               ; Off                ; Off                ;
; Allow Any ROM Size For Recognition                               ; Off                ; Off                ;
; Allow Any Shift Register Size For Recognition                    ; Off                ; Off                ;
; Use LogicLock Constraints during Resource Balancing              ; On                 ; On                 ;
; Ignore translate_off and synthesis_off directives                ; Off                ; Off                ;
; Timing-Driven Synthesis                                          ; On                 ; On                 ;
; Report Parameter Settings                                        ; On                 ; On                 ;
; Report Source Assignments                                        ; On                 ; On                 ;
; Report Connectivity Checks                                       ; On                 ; On                 ;
; Ignore Maximum Fan-Out Assignments                               ; Off                ; Off                ;
; Synchronization Register Chain Length                            ; 2                  ; 2                  ;
; Power Optimization During Synthesis                              ; Normal compilation ; Normal compilation ;
; HDL message level                                                ; Level2             ; Level2             ;
; Suppress Register Optimization Related Messages                  ; Off                ; Off                ;
; Number of Removed Registers Reported in Synthesis Report         ; 5000               ; 5000               ;
; Number of Swept Nodes Reported in Synthesis Report               ; 5000               ; 5000               ;
; Number of Inverted Registers Reported in Synthesis Report        ; 100                ; 100                ;
; Clock MUX Protection                                             ; On                 ; On                 ;
; Auto Gated Clock Conversion                                      ; Off                ; Off                ;
; Block Design Naming                                              ; Auto               ; Auto               ;
; SDC constraint protection                                        ; Off                ; Off                ;
; Synthesis Effort                                                 ; Auto               ; Auto               ;
; Shift Register Replacement - Allow Asynchronous Clear Signal     ; On                 ; On                 ;
; Pre-Mapping Resynthesis Optimization                             ; Off                ; Off                ;
; Analysis & Synthesis Message Level                               ; Medium             ; Medium             ;
; Disable Register Merging Across Hierarchies                      ; Auto               ; Auto               ;
; Resource Aware Inference For Block RAM                           ; On                 ; On                 ;
+------------------------------------------------------------------+--------------------+--------------------+


+------------------------------------------+
; Parallel Compilation                     ;
+----------------------------+-------------+
; Processors                 ; Number      ;
+----------------------------+-------------+
; Number detected on machine ; 8           ;
; Maximum allowed            ; 8           ;
;                            ;             ;
; Average used               ; 1.00        ;
; Maximum used               ; 8           ;
;                            ;             ;
; Usage by Processor         ; % Time Used ;
;     Processor 1            ; 100.0%      ;
;     Processors 2-8         ;   0.0%      ;
+----------------------------+-------------+


+-----------------------------------------------------------------------------------------------------------------------------------------------------------------------------------------------------+
; Analysis & Synthesis Source Files Read                                                                                                                                                              ;
+----------------------------------+-----------------+------------------------------+-------------------------------------------------------------------------------------------------------+---------+
; File Name with User-Entered Path ; Used in Netlist ; File Type                    ; File Name with Absolute Path                                                                          ; Library ;
+----------------------------------+-----------------+------------------------------+-------------------------------------------------------------------------------------------------------+---------+
; top_2.v                          ; yes             ; User Verilog HDL File        ; C:/Users/sebas/Documents/Repositorios/2024-2/Electronica_Digital_1/Proyecto V2/Archivos/top_2.v       ;         ;
; ./uart_tx_8n1.v                  ; yes             ; Auto-Found Verilog HDL File  ; C:/Users/sebas/Documents/Repositorios/2024-2/Electronica_Digital_1/Proyecto V2/Archivos/uart_tx_8n1.v ;         ;
+----------------------------------+-----------------+------------------------------+-------------------------------------------------------------------------------------------------------+---------+


+---------------------------------------------------------+
; Analysis & Synthesis Resource Usage Summary             ;
+---------------------------------------------+-----------+
; Resource                                    ; Usage     ;
+---------------------------------------------+-----------+
; Estimated Total logic elements              ; 91        ;
;                                             ;           ;
; Total combinational functions               ; 86        ;
; Logic element usage by number of LUT inputs ;           ;
;     -- 4 input functions                    ; 30        ;
;     -- 3 input functions                    ; 12        ;
;     -- <=2 input functions                  ; 44        ;
;                                             ;           ;
; Logic elements by mode                      ;           ;
;     -- normal mode                          ; 48        ;
;     -- arithmetic mode                      ; 38        ;
;                                             ;           ;
; Total registers                             ; 64        ;
;     -- Dedicated logic registers            ; 64        ;
;     -- I/O registers                        ; 0         ;
;                                             ;           ;
; I/O pins                                    ; 14        ;
;                                             ;           ;
; Embedded Multiplier 9-bit elements          ; 0         ;
;                                             ;           ;
; Maximum fan-out node                        ; clk~input ;
; Maximum fan-out                             ; 64        ;
; Total fan-out                               ; 438       ;
; Average fan-out                             ; 2.46      ;
+---------------------------------------------+-----------+


+-----------------------------------------------------------------------------------------------------------------------------------------------------------------------------------------------------------------+
; Analysis & Synthesis Resource Utilization by Entity                                                                                                                                                             ;
+----------------------------+---------------------+---------------------------+-------------+--------------+---------+-----------+------+--------------+----------------------------+-------------+--------------+
; Compilation Hierarchy Node ; Combinational ALUTs ; Dedicated Logic Registers ; Memory Bits ; DSP Elements ; DSP 9x9 ; DSP 18x18 ; Pins ; Virtual Pins ; Full Hierarchy Name        ; Entity Name ; Library Name ;
+----------------------------+---------------------+---------------------------+-------------+--------------+---------+-----------+------+--------------+----------------------------+-------------+--------------+
; |top_2                     ; 86 (49)             ; 64 (43)                   ; 0           ; 0            ; 0       ; 0         ; 14   ; 0            ; |top_2                     ; top_2       ; work         ;
;    |uart_tx_8n1:uart_tx|   ; 37 (37)             ; 21 (21)                   ; 0           ; 0            ; 0       ; 0         ; 0    ; 0            ; |top_2|uart_tx_8n1:uart_tx ; uart_tx_8n1 ; work         ;
+----------------------------+---------------------+---------------------------+-------------+--------------+---------+-----------+------+--------------+----------------------------+-------------+--------------+
Note: For table entries with two numbers listed, the numbers in parentheses indicate the number of resources of the given type used by the specific entity alone. The numbers listed outside of parentheses indicate the total resources of the given type used by the specific entity and all of its sub-entities in the hierarchy.


Encoding Type:  One-Hot
+---------------------------------------------------------------------------+
; State Machine - |top_2|current_state                                      ;
+------------------+------------------+------------------+------------------+
; Name             ; current_state.S0 ; current_state.S2 ; current_state.S1 ;
+------------------+------------------+------------------+------------------+
; current_state.S0 ; 0                ; 0                ; 0                ;
; current_state.S1 ; 1                ; 0                ; 1                ;
; current_state.S2 ; 1                ; 1                ; 0                ;
+------------------+------------------+------------------+------------------+


Encoding Type:  One-Hot
+-----------------------------------------------------------------------------------------------------+
; State Machine - |top_2|uart_tx_8n1:uart_tx|state                                                    ;
+---------------------+--------------------+-------------------+---------------------+----------------+
; Name                ; state.STATE_TXDONE ; state.STATE_TXING ; state.STATE_STARTTX ; state.00000000 ;
+---------------------+--------------------+-------------------+---------------------+----------------+
; state.00000000      ; 0                  ; 0                 ; 0                   ; 0              ;
; state.STATE_STARTTX ; 0                  ; 0                 ; 1                   ; 1              ;
; state.STATE_TXING   ; 0                  ; 1                 ; 0                   ; 1              ;
; state.STATE_TXDONE  ; 1                  ; 0                 ; 0                   ; 1              ;
+---------------------+--------------------+-------------------+---------------------+----------------+


+---------------------------------------------------------------------------------+
; Registers Removed During Synthesis                                              ;
+----------------------------------------+----------------------------------------+
; Register name                          ; Reason for Removal                     ;
+----------------------------------------+----------------------------------------+
; busy~reg0                              ; Stuck at GND due to stuck port data_in ;
; seg7[0]~reg0                           ; Stuck at VCC due to stuck port data_in ;
; seg7[4]~reg0                           ; Stuck at GND due to stuck port data_in ;
; seg7[5]~reg0                           ; Stuck at GND due to stuck port data_in ;
; byte2send[2..4,7]                      ; Stuck at GND due to stuck port data_in ;
; led~reg0                               ; Merged with buzzer~reg0                ;
; byte2send[6]                           ; Merged with byte2send[5]               ;
; uart_step[0]                           ; Merged with byte2send[5]               ;
; uart_tx_8n1:uart_tx|buf_tx[7]          ; Stuck at GND due to stuck port data_in ;
; current_state.S0                       ; Lost fanout                            ;
; current_state.S2                       ; Lost fanout                            ;
; uart_tx_8n1:uart_tx|state~5            ; Lost fanout                            ;
; uart_tx_8n1:uart_tx|state~6            ; Lost fanout                            ;
; uart_tx_8n1:uart_tx|state~7            ; Lost fanout                            ;
; uart_tx_8n1:uart_tx|state~8            ; Lost fanout                            ;
; uart_tx_8n1:uart_tx|state~9            ; Lost fanout                            ;
; uart_tx_8n1:uart_tx|state~10           ; Lost fanout                            ;
; uart_tx_8n1:uart_tx|state~11           ; Lost fanout                            ;
; uart_tx_8n1:uart_tx|state~12           ; Lost fanout                            ;
; Total Number of Removed Registers = 22 ;                                        ;
+----------------------------------------+----------------------------------------+


+-----------------------------------------------------------------------------------------------------------------------------------+
; Removed Registers Triggering Further Register Optimizations                                                                       ;
+---------------+---------------------------+---------------------------------------------------------------------------------------+
; Register name ; Reason for Removal        ; Registers Removed due to This Register                                                ;
+---------------+---------------------------+---------------------------------------------------------------------------------------+
; busy~reg0     ; Stuck at GND              ; byte2send[2], byte2send[3], byte2send[4], byte2send[7], uart_tx_8n1:uart_tx|buf_tx[7] ;
;               ; due to stuck port data_in ;                                                                                       ;
+---------------+---------------------------+---------------------------------------------------------------------------------------+


+------------------------------------------------------+
; General Register Statistics                          ;
+----------------------------------------------+-------+
; Statistic                                    ; Value ;
+----------------------------------------------+-------+
; Total registers                              ; 64    ;
; Number of registers using Synchronous Clear  ; 32    ;
; Number of registers using Synchronous Load   ; 0     ;
; Number of registers using Asynchronous Clear ; 0     ;
; Number of registers using Asynchronous Load  ; 0     ;
; Number of registers using Clock Enable       ; 16    ;
; Number of registers using Preset             ; 0     ;
+----------------------------------------------+-------+


+--------------------------------------------------+
; Inverted Register Statistics                     ;
+----------------------------------------+---------+
; Inverted Register                      ; Fan out ;
+----------------------------------------+---------+
; uart_tx_8n1:uart_tx|txbit              ; 2       ;
; Total number of inverted registers = 1 ;         ;
+----------------------------------------+---------+


+-------------------------------------------------------------------------------------------------------------------------------------------------------+
; Multiplexer Restructuring Statistics (Restructuring Performed)                                                                                        ;
+--------------------+-----------+---------------+----------------------+------------------------+------------+-----------------------------------------+
; Multiplexer Inputs ; Bus Width ; Baseline Area ; Area if Restructured ; Saving if Restructured ; Registered ; Example Multiplexer Output              ;
+--------------------+-----------+---------------+----------------------+------------------------+------------+-----------------------------------------+
; 3:1                ; 8 bits    ; 16 LEs        ; 8 LEs                ; 8 LEs                  ; Yes        ; |top_2|uart_tx_8n1:uart_tx|bits_sent[7] ;
; 3:1                ; 3 bits    ; 6 LEs         ; 3 LEs                ; 3 LEs                  ; Yes        ; |top_2|uart_tx_8n1:uart_tx|buf_tx[2]    ;
; 3:1                ; 3 bits    ; 6 LEs         ; 3 LEs                ; 3 LEs                  ; Yes        ; |top_2|uart_tx_8n1:uart_tx|buf_tx[0]    ;
; 3:1                ; 32 bits   ; 64 LEs        ; 32 LEs               ; 32 LEs                 ; Yes        ; |top_2|timer[21]                        ;
; 5:1                ; 4 bits    ; 12 LEs        ; 12 LEs               ; 0 LEs                  ; No         ; |top_2|uart_tx_8n1:uart_tx|state        ;
+--------------------+-----------+---------------+----------------------+------------------------+------------+-----------------------------------------+


+-----------------------------------------------------------------------+
; Parameter Settings for User Entity Instance: Top-level Entity: |top_2 ;
+----------------+----------+-------------------------------------------+
; Parameter Name ; Value    ; Type                                      ;
+----------------+----------+-------------------------------------------+
; S0             ; 00       ; Unsigned Binary                           ;
; S1             ; 01       ; Unsigned Binary                           ;
; S2             ; 10       ; Unsigned Binary                           ;
; TIMER_LIMIT    ; 50000000 ; Signed Integer                            ;
; SEG_0          ; 0000001  ; Unsigned Binary                           ;
; SEG_1          ; 1001111  ; Unsigned Binary                           ;
+----------------+----------+-------------------------------------------+
Note: In order to hide this table in the UI and the text report file, please set the "Show Parameter Settings in Synthesis Report" option in "Analysis and Synthesis Settings -> More Settings" to "Off".


+------------------------------------------------------------------+
; Parameter Settings for User Entity Instance: uart_tx_8n1:uart_tx ;
+----------------+----------+--------------------------------------+
; Parameter Name ; Value    ; Type                                 ;
+----------------+----------+--------------------------------------+
; STATE_IDLE     ; 00000000 ; Unsigned Binary                      ;
; STATE_STARTTX  ; 00000001 ; Unsigned Binary                      ;
; STATE_TXING    ; 00000010 ; Unsigned Binary                      ;
; STATE_TXDONE   ; 00000011 ; Unsigned Binary                      ;
+----------------+----------+--------------------------------------+
Note: In order to hide this table in the UI and the text report file, please set the "Show Parameter Settings in Synthesis Report" option in "Analysis and Synthesis Settings -> More Settings" to "Off".


+-----------------------------------------------------+
; Post-Synthesis Netlist Statistics for Top Partition ;
+-----------------------+-----------------------------+
; Type                  ; Count                       ;
+-----------------------+-----------------------------+
; boundary_port         ; 14                          ;
; cycloneiii_ff         ; 64                          ;
;     ENA               ; 16                          ;
;     SCLR              ; 32                          ;
;     plain             ; 16                          ;
; cycloneiii_lcell_comb ; 89                          ;
;     arith             ; 38                          ;
;         2 data inputs ; 38                          ;
;     normal            ; 51                          ;
;         0 data inputs ; 2                           ;
;         1 data inputs ; 4                           ;
;         2 data inputs ; 3                           ;
;         3 data inputs ; 12                          ;
;         4 data inputs ; 30                          ;
;                       ;                             ;
; Max LUT depth         ; 4.10                        ;
; Average LUT depth     ; 2.90                        ;
+-----------------------+-----------------------------+


+-------------------------------+
; Elapsed Time Per Partition    ;
+----------------+--------------+
; Partition Name ; Elapsed Time ;
+----------------+--------------+
; Top            ; 00:00:01     ;
+----------------+--------------+


+-------------------------------+
; Analysis & Synthesis Messages ;
+-------------------------------+
Info: *******************************************************************
Info: Running Quartus Prime Analysis & Synthesis
    Info: Version 23.1std.1 Build 993 05/14/2024 SC Lite Edition
    Info: Processing started: Thu Mar  6 08:18:27 2025
Info: Command: quartus_map --read_settings_files=on --write_settings_files=off top_2 -c top_2
Warning (18236): Number of processors has not been specified which may cause overloading on shared machines.  Set the global assignment NUM_PARALLEL_PROCESSORS in your QSF to an appropriate value for best performance.
Info (20030): Parallel compilation is enabled and will use 8 of the 8 processors detected
Warning (12019): Can't analyze file -- file uart_tx_8n1 uart_tx.v is missing
Warning (10238): Verilog Module Declaration warning at uart_tx_8n1.v(9): ignored anonymous port(s) indicated by duplicate or dangling comma(s) in the port list for module "uart_tx_8n1" File: C:/Users/sebas/Documents/Repositorios/2024-2/Electronica_Digital_1/Proyecto V2/Archivos/uart_tx_8n1.v Line: 9
Info (12021): Found 2 design units, including 2 entities, in source file uart.v
    Info (12023): Found entity 1: uart_tx_8n1 File: C:/Users/sebas/Documents/Repositorios/2024-2/Electronica_Digital_1/Proyecto V2/Archivos/uart_tx_8n1.v Line: 3
    Info (12023): Found entity 2: top File: C:/Users/sebas/Documents/Repositorios/2024-2/Electronica_Digital_1/Proyecto V2/Archivos/UART.v Line: 2
Info (12021): Found 1 design units, including 1 entities, in source file top_2.v
    Info (12023): Found entity 1: top_2 File: C:/Users/sebas/Documents/Repositorios/2024-2/Electronica_Digital_1/Proyecto V2/Archivos/top_2.v Line: 2
Info (12021): Found 1 design units, including 1 entities, in source file serializador 4bits.v
    Info (12023): Found entity 1: serializer_4bit File: C:/Users/sebas/Documents/Repositorios/2024-2/Electronica_Digital_1/Proyecto V2/Archivos/serializador 4bits.v Line: 1
Info (12127): Elaborating entity "top_2" for the top level hierarchy
Warning (10230): Verilog HDL assignment warning at top_2.v(99): truncated value with size 32 to match size of target (2) File: C:/Users/sebas/Documents/Repositorios/2024-2/Electronica_Digital_1/Proyecto V2/Archivos/top_2.v Line: 99
Warning (10199): Verilog HDL Case Statement warning at top_2.v(101): case item expression never matches the case expression File: C:/Users/sebas/Documents/Repositorios/2024-2/Electronica_Digital_1/Proyecto V2/Archivos/top_2.v Line: 101
Warning (10199): Verilog HDL Case Statement warning at top_2.v(106): case item expression never matches the case expression File: C:/Users/sebas/Documents/Repositorios/2024-2/Electronica_Digital_1/Proyecto V2/Archivos/top_2.v Line: 106
Info (12128): Elaborating entity "uart_tx_8n1" for hierarchy "uart_tx_8n1:uart_tx" File: C:/Users/sebas/Documents/Repositorios/2024-2/Electronica_Digital_1/Proyecto V2/Archivos/top_2.v Line: 43
Warning (10230): Verilog HDL assignment warning at uart_tx_8n1.v(58): truncated value with size 32 to match size of target (8) File: C:/Users/sebas/Documents/Repositorios/2024-2/Electronica_Digital_1/Proyecto V2/Archivos/uart_tx_8n1.v Line: 58
Warning (13024): Output pins are stuck at VCC or GND
    Warning (13410): Pin "seg7[0]" is stuck at VCC File: C:/Users/sebas/Documents/Repositorios/2024-2/Electronica_Digital_1/Proyecto V2/Archivos/top_2.v Line: 67
    Warning (13410): Pin "seg7[4]" is stuck at GND File: C:/Users/sebas/Documents/Repositorios/2024-2/Electronica_Digital_1/Proyecto V2/Archivos/top_2.v Line: 67
    Warning (13410): Pin "seg7[5]" is stuck at GND File: C:/Users/sebas/Documents/Repositorios/2024-2/Electronica_Digital_1/Proyecto V2/Archivos/top_2.v Line: 67
    Warning (13410): Pin "busy" is stuck at GND File: C:/Users/sebas/Documents/Repositorios/2024-2/Electronica_Digital_1/Proyecto V2/Archivos/top_2.v Line: 11
Info (286030): Timing-Driven Synthesis is running
Info (17049): 10 registers lost all their fanouts during netlist optimizations.
Info (144001): Generated suppressed messages file C:/Users/sebas/Documents/Repositorios/2024-2/Electronica_Digital_1/Proyecto V2/Archivos/output_files/top_2.map.smsg
Info (16010): Generating hard_block partition "hard_block:auto_generated_inst"
    Info (16011): Adding 0 node(s), including 0 DDIO, 0 PLL, 0 transceiver and 0 LCELL
Info (21057): Implemented 105 device resources after synthesis - the final resource count might be different
    Info (21058): Implemented 3 input pins
    Info (21059): Implemented 11 output pins
    Info (21061): Implemented 91 logic cells
Info: Quartus Prime Analysis & Synthesis was successful. 0 errors, 12 warnings
    Info: Peak virtual memory: 4815 megabytes
    Info: Processing ended: Thu Mar  6 08:18:44 2025
    Info: Elapsed time: 00:00:17
    Info: Total CPU time (on all processors): 00:00:39


+------------------------------------------+
; Analysis & Synthesis Suppressed Messages ;
+------------------------------------------+
The suppressed messages can be found in C:/Users/sebas/Documents/Repositorios/2024-2/Electronica_Digital_1/Proyecto V2/Archivos/output_files/top_2.map.smsg.


